[0.015s] Invoking command in '/home/acid/stuff/rover/build/temperature_publisher': /usr/bin/cmake /home/acid/stuff/rover/src/pub -DCMAKE_INSTALL_PREFIX=/home/acid/stuff/rover/install/temperature_publisher
[0.188s] -- The C compiler identification is GNU 11.4.0
[0.447s] -- The CXX compiler identification is GNU 11.4.0
[0.595s] -- Detecting C compiler ABI info
[0.698s] -- Detecting C compiler ABI info - done
[0.702s] -- Check for working C compiler: /usr/bin/cc - skipped
[0.702s] -- Detecting C compile features
[0.703s] -- Detecting C compile features - done
[0.706s] -- Detecting CXX compiler ABI info
[0.804s] -- Detecting CXX compiler ABI info - done
[0.808s] -- Check for working CXX compiler: /usr/bin/c++ - skipped
[0.808s] -- Detecting CXX compile features
[0.809s] -- Detecting CXX compile features - done
[1.073s] [31mCMake Error at CMakeLists.txt:9 (find_package):
[1.073s]   By not providing "Findament_cmake.cmake" in CMAKE_MODULE_PATH this project
[1.073s]   has asked CMake to find a package configuration file provided by
[1.073s]   "ament_cmake", but CMake did not find one.
[1.073s] 
[1.073s]   Could not find a package configuration file provided by "ament_cmake" with
[1.073s]   any of the following names:
[1.073s] 
[1.074s]     ament_cmakeConfig.cmake
[1.074s]     ament_cmake-config.cmake
[1.074s] 
[1.074s]   Add the installation prefix of "ament_cmake" to CMAKE_PREFIX_PATH or set
[1.074s]   "ament_cmake_DIR" to a directory containing one of the above files.  If
[1.074s]   "ament_cmake" provides a separate development package or SDK, be sure it
[1.074s]   has been installed.
[1.074s] 
[1.074s] [0m
[1.074s] -- Configuring incomplete, errors occurred!
[1.074s] See also "/home/acid/stuff/rover/build/temperature_publisher/CMakeFiles/CMakeOutput.log".
[1.079s] Invoked command in '/home/acid/stuff/rover/build/temperature_publisher' returned '1': /usr/bin/cmake /home/acid/stuff/rover/src/pub -DCMAKE_INSTALL_PREFIX=/home/acid/stuff/rover/install/temperature_publisher
