-- Found ament_cmake: 1.3.11 (/opt/ros/humble/share/ament_cmake/cmake)
-- Found rclcpp: 16.0.12 (/opt/ros/humble/share/rclcpp/cmake)
-- Found rosidl_generator_c: 3.1.6 (/opt/ros/humble/share/rosidl_generator_c/cmake)
-- Found rosidl_adapter: 3.1.6 (/opt/ros/humble/share/rosidl_adapter/cmake)
-- Found rosidl_generator_cpp: 3.1.6 (/opt/ros/humble/share/rosidl_generator_cpp/cmake)
-- Using all available rosidl_typesupport_c: rosidl_typesupport_fastrtps_c;rosidl_typesupport_introspection_c
-- Using all available rosidl_typesupport_cpp: rosidl_typesupport_fastrtps_cpp;rosidl_typesupport_introspection_cpp
-- Found rmw_implementation_cmake: 6.1.2 (/opt/ros/humble/share/rmw_implementation_cmake/cmake)
-- Found rmw_fastrtps_cpp: 6.2.7 (/opt/ros/humble/share/rmw_fastrtps_cpp/cmake)
-- Using RMW implementation 'rmw_fastrtps_cpp' as default
-- Found ament_lint_auto: 0.12.12 (/opt/ros/humble/share/ament_lint_auto/cmake)
-- Added test 'cppcheck' to perform static code analysis on C / C++ code
-- Configured cppcheck include dirs: $<BUILD_INTERFACE:/home/acid/stuff/rover/src/pub/include>
-- Configured cppcheck exclude dirs and/or files: 
-- Added test 'lint_cmake' to check CMake code style
-- Added test 'uncrustify' to check C / C++ code style
-- Configured uncrustify additional arguments: 
-- Added test 'xmllint' to check XML markup files
-- Configuring done
-- Generating done
-- Build files have been written to: /home/acid/stuff/rover/build/temperature_publisher
[35m[1mConsolidate compiler generated dependencies of target temp_pub[0m
[ 25%] [32mBuilding CXX object CMakeFiles/temp_pub.dir/src/PubNode.cpp.o[0m
[ 50%] [32mBuilding CXX object CMakeFiles/temp_pub.dir/src/PackageSubsystem.cpp.o[0m
[ 75%] [32m[1mLinking CXX executable temp_pub[0m
[100%] Built target temp_pub
-- Install configuration: ""
-- Installing: /home/acid/stuff/rover/install/temperature_publisher/lib/temperature_publisher/temp_pub
-- Set runtime path of "/home/acid/stuff/rover/install/temperature_publisher/lib/temperature_publisher/temp_pub" to ""
-- Installing: /home/acid/stuff/rover/install/temperature_publisher/share/ament_index/resource_index/package_run_dependencies/temperature_publisher
-- Installing: /home/acid/stuff/rover/install/temperature_publisher/share/ament_index/resource_index/parent_prefix_path/temperature_publisher
-- Installing: /home/acid/stuff/rover/install/temperature_publisher/share/temperature_publisher/environment/ament_prefix_path.sh
-- Installing: /home/acid/stuff/rover/install/temperature_publisher/share/temperature_publisher/environment/ament_prefix_path.dsv
-- Installing: /home/acid/stuff/rover/install/temperature_publisher/share/temperature_publisher/environment/path.sh
-- Installing: /home/acid/stuff/rover/install/temperature_publisher/share/temperature_publisher/environment/path.dsv
-- Installing: /home/acid/stuff/rover/install/temperature_publisher/share/temperature_publisher/local_setup.bash
-- Installing: /home/acid/stuff/rover/install/temperature_publisher/share/temperature_publisher/local_setup.sh
-- Installing: /home/acid/stuff/rover/install/temperature_publisher/share/temperature_publisher/local_setup.zsh
-- Installing: /home/acid/stuff/rover/install/temperature_publisher/share/temperature_publisher/local_setup.dsv
-- Installing: /home/acid/stuff/rover/install/temperature_publisher/share/temperature_publisher/package.dsv
-- Installing: /home/acid/stuff/rover/install/temperature_publisher/share/ament_index/resource_index/packages/temperature_publisher
-- Installing: /home/acid/stuff/rover/install/temperature_publisher/share/temperature_publisher/cmake/temperature_publisherConfig.cmake
-- Installing: /home/acid/stuff/rover/install/temperature_publisher/share/temperature_publisher/cmake/temperature_publisherConfig-version.cmake
-- Installing: /home/acid/stuff/rover/install/temperature_publisher/share/temperature_publisher/package.xml
