[0.012s] Invoking command in '/home/acid/stuff/rover/build/temperature_publisher': CMAKE_PREFIX_PATH=/opt/ros/humble /usr/bin/cmake --build /home/acid/stuff/rover/build/temperature_publisher -- -j12 -l12
[0.037s] -- Found ament_cmake: 1.3.11 (/opt/ros/humble/share/ament_cmake/cmake)
[0.143s] -- Found rclcpp: 16.0.12 (/opt/ros/humble/share/rclcpp/cmake)
[0.232s] -- Found rosidl_generator_c: 3.1.6 (/opt/ros/humble/share/rosidl_generator_c/cmake)
[0.234s] -- Found rosidl_adapter: 3.1.6 (/opt/ros/humble/share/rosidl_adapter/cmake)
[0.242s] -- Found rosidl_generator_cpp: 3.1.6 (/opt/ros/humble/share/rosidl_generator_cpp/cmake)
[0.253s] -- Using all available rosidl_typesupport_c: rosidl_typesupport_fastrtps_c;rosidl_typesupport_introspection_c
[0.265s] -- Using all available rosidl_typesupport_cpp: rosidl_typesupport_fastrtps_cpp;rosidl_typesupport_introspection_cpp
[0.302s] -- Found rmw_implementation_cmake: 6.1.2 (/opt/ros/humble/share/rmw_implementation_cmake/cmake)
[0.304s] -- Found rmw_fastrtps_cpp: 6.2.7 (/opt/ros/humble/share/rmw_fastrtps_cpp/cmake)
[1.404s] -- Using RMW implementation 'rmw_fastrtps_cpp' as default
[1.466s] -- Found ament_lint_auto: 0.12.12 (/opt/ros/humble/share/ament_lint_auto/cmake)
[1.522s] -- Added test 'cppcheck' to perform static code analysis on C / C++ code
[1.522s] -- Configured cppcheck include dirs: $<BUILD_INTERFACE:/home/acid/stuff/rover/src/pub/include>
[1.522s] -- Configured cppcheck exclude dirs and/or files: 
[1.522s] -- Added test 'lint_cmake' to check CMake code style
[1.523s] -- Added test 'uncrustify' to check C / C++ code style
[1.524s] -- Configured uncrustify additional arguments: 
[1.524s] -- Added test 'xmllint' to check XML markup files
[1.526s] -- Configuring done
[1.541s] -- Generating done
[1.545s] -- Build files have been written to: /home/acid/stuff/rover/build/temperature_publisher
[1.567s] [35m[1mConsolidate compiler generated dependencies of target temp_pub[0m
[1.582s] [ 25%] [32mBuilding CXX object CMakeFiles/temp_pub.dir/src/PubNode.cpp.o[0m
[1.583s] [ 50%] [32mBuilding CXX object CMakeFiles/temp_pub.dir/src/PackageSubsystem.cpp.o[0m
[4.416s] [ 75%] [32m[1mLinking CXX executable temp_pub[0m
[4.606s] [100%] Built target temp_pub
[4.618s] Invoked command in '/home/acid/stuff/rover/build/temperature_publisher' returned '0': CMAKE_PREFIX_PATH=/opt/ros/humble /usr/bin/cmake --build /home/acid/stuff/rover/build/temperature_publisher -- -j12 -l12
[4.629s] Invoking command in '/home/acid/stuff/rover/build/temperature_publisher': CMAKE_PREFIX_PATH=/opt/ros/humble /usr/bin/cmake --install /home/acid/stuff/rover/build/temperature_publisher
[4.635s] -- Install configuration: ""
[4.636s] -- Installing: /home/acid/stuff/rover/install/temperature_publisher/lib/temperature_publisher/temp_pub
[4.638s] -- Set runtime path of "/home/acid/stuff/rover/install/temperature_publisher/lib/temperature_publisher/temp_pub" to ""
[4.639s] -- Installing: /home/acid/stuff/rover/install/temperature_publisher/share/ament_index/resource_index/package_run_dependencies/temperature_publisher
[4.640s] -- Installing: /home/acid/stuff/rover/install/temperature_publisher/share/ament_index/resource_index/parent_prefix_path/temperature_publisher
[4.640s] -- Installing: /home/acid/stuff/rover/install/temperature_publisher/share/temperature_publisher/environment/ament_prefix_path.sh
[4.641s] -- Installing: /home/acid/stuff/rover/install/temperature_publisher/share/temperature_publisher/environment/ament_prefix_path.dsv
[4.641s] -- Installing: /home/acid/stuff/rover/install/temperature_publisher/share/temperature_publisher/environment/path.sh
[4.641s] -- Installing: /home/acid/stuff/rover/install/temperature_publisher/share/temperature_publisher/environment/path.dsv
[4.641s] -- Installing: /home/acid/stuff/rover/install/temperature_publisher/share/temperature_publisher/local_setup.bash
[4.641s] -- Installing: /home/acid/stuff/rover/install/temperature_publisher/share/temperature_publisher/local_setup.sh
[4.642s] -- Installing: /home/acid/stuff/rover/install/temperature_publisher/share/temperature_publisher/local_setup.zsh
[4.642s] -- Installing: /home/acid/stuff/rover/install/temperature_publisher/share/temperature_publisher/local_setup.dsv
[4.642s] -- Installing: /home/acid/stuff/rover/install/temperature_publisher/share/temperature_publisher/package.dsv
[4.643s] -- Installing: /home/acid/stuff/rover/install/temperature_publisher/share/ament_index/resource_index/packages/temperature_publisher
[4.643s] -- Installing: /home/acid/stuff/rover/install/temperature_publisher/share/temperature_publisher/cmake/temperature_publisherConfig.cmake
[4.643s] -- Installing: /home/acid/stuff/rover/install/temperature_publisher/share/temperature_publisher/cmake/temperature_publisherConfig-version.cmake
[4.644s] -- Installing: /home/acid/stuff/rover/install/temperature_publisher/share/temperature_publisher/package.xml
[4.646s] Invoked command in '/home/acid/stuff/rover/build/temperature_publisher' returned '0': CMAKE_PREFIX_PATH=/opt/ros/humble /usr/bin/cmake --install /home/acid/stuff/rover/build/temperature_publisher
