[0.012s] Invoking command in '/home/acid/stuff/rover/build/temperature_publisher': CMAKE_PREFIX_PATH=${CMAKE_PREFIX_PATH}:/opt/ros/humble /usr/bin/cmake --build /home/acid/stuff/rover/build/temperature_publisher -- -j12 -l12
[0.060s] [100%] Built target temp_pub
[0.071s] Invoked command in '/home/acid/stuff/rover/build/temperature_publisher' returned '0': CMAKE_PREFIX_PATH=${CMAKE_PREFIX_PATH}:/opt/ros/humble /usr/bin/cmake --build /home/acid/stuff/rover/build/temperature_publisher -- -j12 -l12
[0.080s] Invoking command in '/home/acid/stuff/rover/build/temperature_publisher': CMAKE_PREFIX_PATH=${CMAKE_PREFIX_PATH}:/opt/ros/humble /usr/bin/cmake --install /home/acid/stuff/rover/build/temperature_publisher
[0.086s] -- Install configuration: ""
[0.086s] -- Up-to-date: /home/acid/stuff/rover/install/temperature_publisher/lib/temperature_publisher/temp_pub
[0.087s] -- Up-to-date: /home/acid/stuff/rover/install/temperature_publisher/share/ament_index/resource_index/package_run_dependencies/temperature_publisher
[0.087s] -- Up-to-date: /home/acid/stuff/rover/install/temperature_publisher/share/ament_index/resource_index/parent_prefix_path/temperature_publisher
[0.088s] -- Up-to-date: /home/acid/stuff/rover/install/temperature_publisher/share/temperature_publisher/environment/ament_prefix_path.sh
[0.088s] -- Up-to-date: /home/acid/stuff/rover/install/temperature_publisher/share/temperature_publisher/environment/ament_prefix_path.dsv
[0.088s] -- Up-to-date: /home/acid/stuff/rover/install/temperature_publisher/share/temperature_publisher/environment/path.sh
[0.088s] -- Up-to-date: /home/acid/stuff/rover/install/temperature_publisher/share/temperature_publisher/environment/path.dsv
[0.088s] -- Up-to-date: /home/acid/stuff/rover/install/temperature_publisher/share/temperature_publisher/local_setup.bash
[0.088s] -- Up-to-date: /home/acid/stuff/rover/install/temperature_publisher/share/temperature_publisher/local_setup.sh
[0.088s] -- Up-to-date: /home/acid/stuff/rover/install/temperature_publisher/share/temperature_publisher/local_setup.zsh
[0.088s] -- Up-to-date: /home/acid/stuff/rover/install/temperature_publisher/share/temperature_publisher/local_setup.dsv
[0.089s] -- Installing: /home/acid/stuff/rover/install/temperature_publisher/share/temperature_publisher/package.dsv
[0.089s] -- Up-to-date: /home/acid/stuff/rover/install/temperature_publisher/share/ament_index/resource_index/packages/temperature_publisher
[0.089s] -- Up-to-date: /home/acid/stuff/rover/install/temperature_publisher/share/temperature_publisher/cmake/temperature_publisherConfig.cmake
[0.089s] -- Up-to-date: /home/acid/stuff/rover/install/temperature_publisher/share/temperature_publisher/cmake/temperature_publisherConfig-version.cmake
[0.089s] -- Up-to-date: /home/acid/stuff/rover/install/temperature_publisher/share/temperature_publisher/package.xml
[0.091s] Invoked command in '/home/acid/stuff/rover/build/temperature_publisher' returned '0': CMAKE_PREFIX_PATH=${CMAKE_PREFIX_PATH}:/opt/ros/humble /usr/bin/cmake --install /home/acid/stuff/rover/build/temperature_publisher
