[35m[1mConsolidate compiler generated dependencies of target temp_pub[0m
[ 25%] [32mBuilding CXX object CMakeFiles/temp_pub.dir/src/PackageSubsystem.cpp.o[0m
[ 50%] [32m[1mLinking CXX executable temp_pub[0m
[100%] Built target temp_pub
-- Install configuration: ""
-- Installing: /home/acid/stuff/rover/install/temperature_publisher/lib/temperature_publisher/temp_pub
-- Set runtime path of "/home/acid/stuff/rover/install/temperature_publisher/lib/temperature_publisher/temp_pub" to ""
-- Up-to-date: /home/acid/stuff/rover/install/temperature_publisher/share/ament_index/resource_index/package_run_dependencies/temperature_publisher
-- Up-to-date: /home/acid/stuff/rover/install/temperature_publisher/share/ament_index/resource_index/parent_prefix_path/temperature_publisher
-- Up-to-date: /home/acid/stuff/rover/install/temperature_publisher/share/temperature_publisher/environment/ament_prefix_path.sh
-- Up-to-date: /home/acid/stuff/rover/install/temperature_publisher/share/temperature_publisher/environment/ament_prefix_path.dsv
-- Up-to-date: /home/acid/stuff/rover/install/temperature_publisher/share/temperature_publisher/environment/path.sh
-- Up-to-date: /home/acid/stuff/rover/install/temperature_publisher/share/temperature_publisher/environment/path.dsv
-- Up-to-date: /home/acid/stuff/rover/install/temperature_publisher/share/temperature_publisher/local_setup.bash
-- Up-to-date: /home/acid/stuff/rover/install/temperature_publisher/share/temperature_publisher/local_setup.sh
-- Up-to-date: /home/acid/stuff/rover/install/temperature_publisher/share/temperature_publisher/local_setup.zsh
-- Up-to-date: /home/acid/stuff/rover/install/temperature_publisher/share/temperature_publisher/local_setup.dsv
-- Installing: /home/acid/stuff/rover/install/temperature_publisher/share/temperature_publisher/package.dsv
-- Up-to-date: /home/acid/stuff/rover/install/temperature_publisher/share/ament_index/resource_index/packages/temperature_publisher
-- Up-to-date: /home/acid/stuff/rover/install/temperature_publisher/share/temperature_publisher/cmake/temperature_publisherConfig.cmake
-- Up-to-date: /home/acid/stuff/rover/install/temperature_publisher/share/temperature_publisher/cmake/temperature_publisherConfig-version.cmake
-- Up-to-date: /home/acid/stuff/rover/install/temperature_publisher/share/temperature_publisher/package.xml
