[0.110s] DEBUG:colcon:Command line arguments: ['/usr/bin/colcon', 'build']
[0.110s] DEBUG:colcon:Parsed command line arguments: Namespace(log_base=None, log_level=None, verb_name='build', build_base='build', install_base='install', merge_install=False, symlink_install=False, test_result_base=None, continue_on_error=False, executor='parallel', parallel_workers=12, event_handlers=None, ignore_user_meta=False, metas=['./colcon.meta'], base_paths=['.'], packages_ignore=None, packages_ignore_regex=None, paths=None, packages_up_to=None, packages_up_to_regex=None, packages_above=None, packages_above_and_dependencies=None, packages_above_depth=None, packages_select_by_dep=None, packages_skip_by_dep=None, packages_skip_up_to=None, packages_select_build_failed=False, packages_skip_build_finished=False, packages_select_test_failures=False, packages_skip_test_passed=False, packages_select=None, packages_skip=None, packages_select_regex=None, packages_skip_regex=None, packages_start=None, packages_end=None, allow_overriding=[], cmake_args=None, cmake_target=None, cmake_target_skip_unavailable=False, cmake_clean_cache=False, cmake_clean_first=False, cmake_force_configure=False, ament_cmake_args=None, catkin_cmake_args=None, catkin_skip_building_tests=False, verb_parser=<colcon_defaults.argument_parser.defaults.DefaultArgumentsDecorator object at 0x719786d1b2b0>, verb_extension=<colcon_core.verb.build.BuildVerb object at 0x719786ed0040>, main=<bound method BuildVerb.main of <colcon_core.verb.build.BuildVerb object at 0x719786ed0040>>)
[0.200s] Level 1:colcon.colcon_core.package_discovery:discover_packages(colcon_meta) check parameters
[0.201s] Level 1:colcon.colcon_core.package_discovery:discover_packages(recursive) check parameters
[0.201s] Level 1:colcon.colcon_core.package_discovery:discover_packages(ignore) check parameters
[0.201s] Level 1:colcon.colcon_core.package_discovery:discover_packages(path) check parameters
[0.201s] Level 1:colcon.colcon_core.package_discovery:discover_packages(colcon_meta) discover
[0.201s] Level 1:colcon.colcon_core.package_discovery:discover_packages(recursive) discover
[0.201s] INFO:colcon.colcon_core.package_discovery:Crawling recursively for packages in '/home/acid/stuff/rover'
[0.201s] Level 1:colcon.colcon_core.package_identification:_identify(.) by extensions ['ignore', 'ignore_ament_install']
[0.201s] Level 1:colcon.colcon_core.package_identification:_identify(.) by extension 'ignore'
[0.201s] Level 1:colcon.colcon_core.package_identification:_identify(.) by extension 'ignore_ament_install'
[0.201s] Level 1:colcon.colcon_core.package_identification:_identify(.) by extensions ['colcon_pkg']
[0.201s] Level 1:colcon.colcon_core.package_identification:_identify(.) by extension 'colcon_pkg'
[0.201s] Level 1:colcon.colcon_core.package_identification:_identify(.) by extensions ['colcon_meta']
[0.201s] Level 1:colcon.colcon_core.package_identification:_identify(.) by extension 'colcon_meta'
[0.201s] Level 1:colcon.colcon_core.package_identification:_identify(.) by extensions ['ros']
[0.201s] Level 1:colcon.colcon_core.package_identification:_identify(.) by extension 'ros'
[0.209s] Level 1:colcon.colcon_core.package_identification:_identify(.) by extensions ['cmake', 'python']
[0.209s] Level 1:colcon.colcon_core.package_identification:_identify(.) by extension 'cmake'
[0.209s] Level 1:colcon.colcon_core.package_identification:_identify(.) by extension 'python'
[0.209s] Level 1:colcon.colcon_core.package_identification:_identify(.) by extensions ['python_setup_py']
[0.209s] Level 1:colcon.colcon_core.package_identification:_identify(.) by extension 'python_setup_py'
[0.209s] Level 1:colcon.colcon_core.package_identification:_identify(build) by extensions ['ignore', 'ignore_ament_install']
[0.209s] Level 1:colcon.colcon_core.package_identification:_identify(build) by extension 'ignore'
[0.209s] Level 1:colcon.colcon_core.package_identification:_identify(build) ignored
[0.209s] Level 1:colcon.colcon_core.package_identification:_identify(install) by extensions ['ignore', 'ignore_ament_install']
[0.209s] Level 1:colcon.colcon_core.package_identification:_identify(install) by extension 'ignore'
[0.209s] Level 1:colcon.colcon_core.package_identification:_identify(install) ignored
[0.210s] Level 1:colcon.colcon_core.package_identification:_identify(log) by extensions ['ignore', 'ignore_ament_install']
[0.210s] Level 1:colcon.colcon_core.package_identification:_identify(log) by extension 'ignore'
[0.210s] Level 1:colcon.colcon_core.package_identification:_identify(log) ignored
[0.210s] Level 1:colcon.colcon_core.package_identification:_identify(src) by extensions ['ignore', 'ignore_ament_install']
[0.210s] Level 1:colcon.colcon_core.package_identification:_identify(src) by extension 'ignore'
[0.210s] Level 1:colcon.colcon_core.package_identification:_identify(src) by extension 'ignore_ament_install'
[0.210s] Level 1:colcon.colcon_core.package_identification:_identify(src) by extensions ['colcon_pkg']
[0.210s] Level 1:colcon.colcon_core.package_identification:_identify(src) by extension 'colcon_pkg'
[0.210s] Level 1:colcon.colcon_core.package_identification:_identify(src) by extensions ['colcon_meta']
[0.210s] Level 1:colcon.colcon_core.package_identification:_identify(src) by extension 'colcon_meta'
[0.210s] Level 1:colcon.colcon_core.package_identification:_identify(src) by extensions ['ros']
[0.210s] Level 1:colcon.colcon_core.package_identification:_identify(src) by extension 'ros'
[0.210s] Level 1:colcon.colcon_core.package_identification:_identify(src) by extensions ['cmake', 'python']
[0.210s] Level 1:colcon.colcon_core.package_identification:_identify(src) by extension 'cmake'
[0.210s] Level 1:colcon.colcon_core.package_identification:_identify(src) by extension 'python'
[0.210s] Level 1:colcon.colcon_core.package_identification:_identify(src) by extensions ['python_setup_py']
[0.210s] Level 1:colcon.colcon_core.package_identification:_identify(src) by extension 'python_setup_py'
[0.210s] Level 1:colcon.colcon_core.package_identification:_identify(src/pub) by extensions ['ignore', 'ignore_ament_install']
[0.210s] Level 1:colcon.colcon_core.package_identification:_identify(src/pub) by extension 'ignore'
[0.210s] Level 1:colcon.colcon_core.package_identification:_identify(src/pub) by extension 'ignore_ament_install'
[0.210s] Level 1:colcon.colcon_core.package_identification:_identify(src/pub) by extensions ['colcon_pkg']
[0.210s] Level 1:colcon.colcon_core.package_identification:_identify(src/pub) by extension 'colcon_pkg'
[0.210s] Level 1:colcon.colcon_core.package_identification:_identify(src/pub) by extensions ['colcon_meta']
[0.210s] Level 1:colcon.colcon_core.package_identification:_identify(src/pub) by extension 'colcon_meta'
[0.210s] Level 1:colcon.colcon_core.package_identification:_identify(src/pub) by extensions ['ros']
[0.210s] Level 1:colcon.colcon_core.package_identification:_identify(src/pub) by extension 'ros'
[0.212s] DEBUG:colcon.colcon_core.package_identification:Package 'src/pub' with type 'ros.ament_cmake' and name 'temperature_publisher'
[0.212s] Level 1:colcon.colcon_core.package_identification:_identify(src/sub) by extensions ['ignore', 'ignore_ament_install']
[0.212s] Level 1:colcon.colcon_core.package_identification:_identify(src/sub) by extension 'ignore'
[0.212s] Level 1:colcon.colcon_core.package_identification:_identify(src/sub) by extension 'ignore_ament_install'
[0.213s] Level 1:colcon.colcon_core.package_identification:_identify(src/sub) by extensions ['colcon_pkg']
[0.213s] Level 1:colcon.colcon_core.package_identification:_identify(src/sub) by extension 'colcon_pkg'
[0.213s] Level 1:colcon.colcon_core.package_identification:_identify(src/sub) by extensions ['colcon_meta']
[0.213s] Level 1:colcon.colcon_core.package_identification:_identify(src/sub) by extension 'colcon_meta'
[0.213s] Level 1:colcon.colcon_core.package_identification:_identify(src/sub) by extensions ['ros']
[0.213s] Level 1:colcon.colcon_core.package_identification:_identify(src/sub) by extension 'ros'
[0.213s] DEBUG:colcon.colcon_core.package_identification:Package 'src/sub' with type 'ros.ament_cmake' and name 'temperature_subscriber'
[0.213s] Level 1:colcon.colcon_core.package_discovery:discover_packages(recursive) using defaults
[0.213s] Level 1:colcon.colcon_core.package_discovery:discover_packages(ignore) discover
[0.213s] Level 1:colcon.colcon_core.package_discovery:discover_packages(ignore) using defaults
[0.213s] Level 1:colcon.colcon_core.package_discovery:discover_packages(path) discover
[0.213s] Level 1:colcon.colcon_core.package_discovery:discover_packages(path) using defaults
[0.225s] Level 1:colcon.colcon_core.package_discovery:discover_packages(prefix_path) check parameters
[0.225s] Level 1:colcon.colcon_core.package_discovery:discover_packages(prefix_path) discover
[0.226s] DEBUG:colcon.colcon_installed_package_information.package_discovery:Found 3 installed packages in /home/acid/stuff/rover/install
[0.227s] DEBUG:colcon.colcon_installed_package_information.package_discovery:Found 271 installed packages in /opt/ros/humble
[0.235s] Level 1:colcon.colcon_core.package_discovery:discover_packages(prefix_path) using defaults
[0.259s] Level 5:colcon.colcon_core.verb:set package 'temperature_publisher' build argument 'cmake_args' from command line to 'None'
[0.259s] Level 5:colcon.colcon_core.verb:set package 'temperature_publisher' build argument 'cmake_target' from command line to 'None'
[0.259s] Level 5:colcon.colcon_core.verb:set package 'temperature_publisher' build argument 'cmake_target_skip_unavailable' from command line to 'False'
[0.259s] Level 5:colcon.colcon_core.verb:set package 'temperature_publisher' build argument 'cmake_clean_cache' from command line to 'False'
[0.259s] Level 5:colcon.colcon_core.verb:set package 'temperature_publisher' build argument 'cmake_clean_first' from command line to 'False'
[0.259s] Level 5:colcon.colcon_core.verb:set package 'temperature_publisher' build argument 'cmake_force_configure' from command line to 'False'
[0.259s] Level 5:colcon.colcon_core.verb:set package 'temperature_publisher' build argument 'ament_cmake_args' from command line to 'None'
[0.259s] Level 5:colcon.colcon_core.verb:set package 'temperature_publisher' build argument 'catkin_cmake_args' from command line to 'None'
[0.259s] Level 5:colcon.colcon_core.verb:set package 'temperature_publisher' build argument 'catkin_skip_building_tests' from command line to 'False'
[0.260s] DEBUG:colcon.colcon_core.verb:Building package 'temperature_publisher' with the following arguments: {'ament_cmake_args': None, 'build_base': '/home/acid/stuff/rover/build/temperature_publisher', 'catkin_cmake_args': None, 'catkin_skip_building_tests': False, 'cmake_args': None, 'cmake_clean_cache': False, 'cmake_clean_first': False, 'cmake_force_configure': False, 'cmake_target': None, 'cmake_target_skip_unavailable': False, 'install_base': '/home/acid/stuff/rover/install/temperature_publisher', 'merge_install': False, 'path': '/home/acid/stuff/rover/src/pub', 'symlink_install': False, 'test_result_base': None}
[0.260s] Level 5:colcon.colcon_core.verb:set package 'temperature_subscriber' build argument 'cmake_args' from command line to 'None'
[0.260s] Level 5:colcon.colcon_core.verb:set package 'temperature_subscriber' build argument 'cmake_target' from command line to 'None'
[0.260s] Level 5:colcon.colcon_core.verb:set package 'temperature_subscriber' build argument 'cmake_target_skip_unavailable' from command line to 'False'
[0.260s] Level 5:colcon.colcon_core.verb:set package 'temperature_subscriber' build argument 'cmake_clean_cache' from command line to 'False'
[0.260s] Level 5:colcon.colcon_core.verb:set package 'temperature_subscriber' build argument 'cmake_clean_first' from command line to 'False'
[0.260s] Level 5:colcon.colcon_core.verb:set package 'temperature_subscriber' build argument 'cmake_force_configure' from command line to 'False'
[0.260s] Level 5:colcon.colcon_core.verb:set package 'temperature_subscriber' build argument 'ament_cmake_args' from command line to 'None'
[0.260s] Level 5:colcon.colcon_core.verb:set package 'temperature_subscriber' build argument 'catkin_cmake_args' from command line to 'None'
[0.260s] Level 5:colcon.colcon_core.verb:set package 'temperature_subscriber' build argument 'catkin_skip_building_tests' from command line to 'False'
[0.260s] DEBUG:colcon.colcon_core.verb:Building package 'temperature_subscriber' with the following arguments: {'ament_cmake_args': None, 'build_base': '/home/acid/stuff/rover/build/temperature_subscriber', 'catkin_cmake_args': None, 'catkin_skip_building_tests': False, 'cmake_args': None, 'cmake_clean_cache': False, 'cmake_clean_first': False, 'cmake_force_configure': False, 'cmake_target': None, 'cmake_target_skip_unavailable': False, 'install_base': '/home/acid/stuff/rover/install/temperature_subscriber', 'merge_install': False, 'path': '/home/acid/stuff/rover/src/sub', 'symlink_install': False, 'test_result_base': None}
[0.260s] INFO:colcon.colcon_core.executor:Executing jobs using 'parallel' executor
[0.261s] DEBUG:colcon.colcon_parallel_executor.executor.parallel:run_until_complete
[0.261s] INFO:colcon.colcon_ros.task.ament_cmake.build:Building ROS package in '/home/acid/stuff/rover/src/pub' with build type 'ament_cmake'
[0.261s] INFO:colcon.colcon_cmake.task.cmake.build:Building CMake package in '/home/acid/stuff/rover/src/pub'
[0.263s] INFO:colcon.colcon_core.plugin_system:Skipping extension 'colcon_core.shell.bat': Not used on non-Windows systems
[0.263s] INFO:colcon.colcon_core.shell:Skip shell extension 'powershell' for command environment: Not usable outside of PowerShell
[0.263s] DEBUG:colcon.colcon_core.shell:Skip shell extension 'dsv' for command environment
[0.266s] INFO:colcon.colcon_ros.task.ament_cmake.build:Building ROS package in '/home/acid/stuff/rover/src/sub' with build type 'ament_cmake'
[0.266s] INFO:colcon.colcon_cmake.task.cmake.build:Building CMake package in '/home/acid/stuff/rover/src/sub'
[0.266s] INFO:colcon.colcon_core.shell:Skip shell extension 'powershell' for command environment: Not usable outside of PowerShell
[0.266s] DEBUG:colcon.colcon_core.shell:Skip shell extension 'dsv' for command environment
[0.274s] DEBUG:colcon.colcon_core.event_handler.log_command:Invoking command in '/home/acid/stuff/rover/build/temperature_publisher': CMAKE_PREFIX_PATH=${CMAKE_PREFIX_PATH}:/opt/ros/humble /usr/bin/cmake --build /home/acid/stuff/rover/build/temperature_publisher -- -j12 -l12
[0.278s] DEBUG:colcon.colcon_core.event_handler.log_command:Invoking command in '/home/acid/stuff/rover/build/temperature_subscriber': CMAKE_PREFIX_PATH=${CMAKE_PREFIX_PATH}:/opt/ros/humble /usr/bin/cmake --build /home/acid/stuff/rover/build/temperature_subscriber -- -j12 -l12
[0.835s] DEBUG:colcon.colcon_core.event_handler.log_command:Invoked command in '/home/acid/stuff/rover/build/temperature_publisher' returned '0': CMAKE_PREFIX_PATH=${CMAKE_PREFIX_PATH}:/opt/ros/humble /usr/bin/cmake --build /home/acid/stuff/rover/build/temperature_publisher -- -j12 -l12
[0.844s] DEBUG:colcon.colcon_core.event_handler.log_command:Invoking command in '/home/acid/stuff/rover/build/temperature_publisher': CMAKE_PREFIX_PATH=${CMAKE_PREFIX_PATH}:/opt/ros/humble /usr/bin/cmake --install /home/acid/stuff/rover/build/temperature_publisher
[0.855s] Level 1:colcon.colcon_core.environment:create_environment_scripts_only(temperature_publisher)
[0.856s] DEBUG:colcon.colcon_core.event_handler.log_command:Invoked command in '/home/acid/stuff/rover/build/temperature_publisher' returned '0': CMAKE_PREFIX_PATH=${CMAKE_PREFIX_PATH}:/opt/ros/humble /usr/bin/cmake --install /home/acid/stuff/rover/build/temperature_publisher
[0.857s] Level 1:colcon.colcon_core.environment:checking '/home/acid/stuff/rover/install/temperature_publisher' for CMake module files
[0.858s] Level 1:colcon.colcon_core.environment:checking '/home/acid/stuff/rover/install/temperature_publisher' for CMake config files
[0.858s] Level 1:colcon.colcon_core.shell:create_environment_hook('temperature_publisher', 'cmake_prefix_path')
[0.858s] INFO:colcon.colcon_core.shell:Creating environment hook '/home/acid/stuff/rover/install/temperature_publisher/share/temperature_publisher/hook/cmake_prefix_path.ps1'
[0.859s] INFO:colcon.colcon_core.shell:Creating environment descriptor '/home/acid/stuff/rover/install/temperature_publisher/share/temperature_publisher/hook/cmake_prefix_path.dsv'
[0.859s] INFO:colcon.colcon_core.shell:Creating environment hook '/home/acid/stuff/rover/install/temperature_publisher/share/temperature_publisher/hook/cmake_prefix_path.sh'
[0.860s] Level 1:colcon.colcon_core.environment:checking '/home/acid/stuff/rover/install/temperature_publisher/lib'
[0.860s] Level 1:colcon.colcon_core.environment:checking '/home/acid/stuff/rover/install/temperature_publisher/bin'
[0.860s] Level 1:colcon.colcon_core.environment:checking '/home/acid/stuff/rover/install/temperature_publisher/lib/pkgconfig/temperature_publisher.pc'
[0.860s] Level 1:colcon.colcon_core.environment:checking '/home/acid/stuff/rover/install/temperature_publisher/lib/python3.10/site-packages'
[0.860s] Level 1:colcon.colcon_core.environment:checking '/home/acid/stuff/rover/install/temperature_publisher/bin'
[0.861s] INFO:colcon.colcon_core.shell:Creating package script '/home/acid/stuff/rover/install/temperature_publisher/share/temperature_publisher/package.ps1'
[0.861s] INFO:colcon.colcon_core.shell:Creating package descriptor '/home/acid/stuff/rover/install/temperature_publisher/share/temperature_publisher/package.dsv'
[0.862s] INFO:colcon.colcon_core.shell:Creating package script '/home/acid/stuff/rover/install/temperature_publisher/share/temperature_publisher/package.sh'
[0.862s] INFO:colcon.colcon_core.shell:Creating package script '/home/acid/stuff/rover/install/temperature_publisher/share/temperature_publisher/package.bash'
[0.863s] INFO:colcon.colcon_core.shell:Creating package script '/home/acid/stuff/rover/install/temperature_publisher/share/temperature_publisher/package.zsh'
[0.863s] Level 1:colcon.colcon_core.environment:create_file_with_runtime_dependencies(/home/acid/stuff/rover/install/temperature_publisher/share/colcon-core/packages/temperature_publisher)
[0.864s] Level 1:colcon.colcon_core.environment:create_environment_scripts_only(temperature_publisher)
[0.864s] Level 1:colcon.colcon_core.environment:checking '/home/acid/stuff/rover/install/temperature_publisher' for CMake module files
[0.864s] Level 1:colcon.colcon_core.environment:checking '/home/acid/stuff/rover/install/temperature_publisher' for CMake config files
[0.864s] Level 1:colcon.colcon_core.shell:create_environment_hook('temperature_publisher', 'cmake_prefix_path')
[0.865s] INFO:colcon.colcon_core.shell:Creating environment hook '/home/acid/stuff/rover/install/temperature_publisher/share/temperature_publisher/hook/cmake_prefix_path.ps1'
[0.865s] INFO:colcon.colcon_core.shell:Creating environment descriptor '/home/acid/stuff/rover/install/temperature_publisher/share/temperature_publisher/hook/cmake_prefix_path.dsv'
[0.865s] INFO:colcon.colcon_core.shell:Creating environment hook '/home/acid/stuff/rover/install/temperature_publisher/share/temperature_publisher/hook/cmake_prefix_path.sh'
[0.866s] Level 1:colcon.colcon_core.environment:checking '/home/acid/stuff/rover/install/temperature_publisher/lib'
[0.866s] Level 1:colcon.colcon_core.environment:checking '/home/acid/stuff/rover/install/temperature_publisher/bin'
[0.866s] Level 1:colcon.colcon_core.environment:checking '/home/acid/stuff/rover/install/temperature_publisher/lib/pkgconfig/temperature_publisher.pc'
[0.866s] Level 1:colcon.colcon_core.environment:checking '/home/acid/stuff/rover/install/temperature_publisher/lib/python3.10/site-packages'
[0.866s] Level 1:colcon.colcon_core.environment:checking '/home/acid/stuff/rover/install/temperature_publisher/bin'
[0.866s] INFO:colcon.colcon_core.shell:Creating package script '/home/acid/stuff/rover/install/temperature_publisher/share/temperature_publisher/package.ps1'
[0.867s] INFO:colcon.colcon_core.shell:Creating package descriptor '/home/acid/stuff/rover/install/temperature_publisher/share/temperature_publisher/package.dsv'
[0.867s] INFO:colcon.colcon_core.shell:Creating package script '/home/acid/stuff/rover/install/temperature_publisher/share/temperature_publisher/package.sh'
[0.868s] INFO:colcon.colcon_core.shell:Creating package script '/home/acid/stuff/rover/install/temperature_publisher/share/temperature_publisher/package.bash'
[0.868s] INFO:colcon.colcon_core.shell:Creating package script '/home/acid/stuff/rover/install/temperature_publisher/share/temperature_publisher/package.zsh'
[0.868s] Level 1:colcon.colcon_core.environment:create_file_with_runtime_dependencies(/home/acid/stuff/rover/install/temperature_publisher/share/colcon-core/packages/temperature_publisher)
[6.704s] DEBUG:colcon.colcon_core.event_handler.log_command:Invoked command in '/home/acid/stuff/rover/build/temperature_subscriber' returned '0': CMAKE_PREFIX_PATH=${CMAKE_PREFIX_PATH}:/opt/ros/humble /usr/bin/cmake --build /home/acid/stuff/rover/build/temperature_subscriber -- -j12 -l12
[6.706s] DEBUG:colcon.colcon_core.event_handler.log_command:Invoking command in '/home/acid/stuff/rover/build/temperature_subscriber': CMAKE_PREFIX_PATH=${CMAKE_PREFIX_PATH}:/opt/ros/humble /usr/bin/cmake --install /home/acid/stuff/rover/build/temperature_subscriber
[6.720s] Level 1:colcon.colcon_core.environment:create_environment_scripts_only(temperature_subscriber)
[6.721s] Level 1:colcon.colcon_core.environment:checking '/home/acid/stuff/rover/install/temperature_subscriber' for CMake module files
[6.721s] DEBUG:colcon.colcon_core.event_handler.log_command:Invoked command in '/home/acid/stuff/rover/build/temperature_subscriber' returned '0': CMAKE_PREFIX_PATH=${CMAKE_PREFIX_PATH}:/opt/ros/humble /usr/bin/cmake --install /home/acid/stuff/rover/build/temperature_subscriber
[6.722s] Level 1:colcon.colcon_core.environment:checking '/home/acid/stuff/rover/install/temperature_subscriber' for CMake config files
[6.722s] Level 1:colcon.colcon_core.shell:create_environment_hook('temperature_subscriber', 'cmake_prefix_path')
[6.722s] INFO:colcon.colcon_core.shell:Creating environment hook '/home/acid/stuff/rover/install/temperature_subscriber/share/temperature_subscriber/hook/cmake_prefix_path.ps1'
[6.723s] INFO:colcon.colcon_core.shell:Creating environment descriptor '/home/acid/stuff/rover/install/temperature_subscriber/share/temperature_subscriber/hook/cmake_prefix_path.dsv'
[6.723s] INFO:colcon.colcon_core.shell:Creating environment hook '/home/acid/stuff/rover/install/temperature_subscriber/share/temperature_subscriber/hook/cmake_prefix_path.sh'
[6.724s] Level 1:colcon.colcon_core.environment:checking '/home/acid/stuff/rover/install/temperature_subscriber/lib'
[6.724s] Level 1:colcon.colcon_core.environment:checking '/home/acid/stuff/rover/install/temperature_subscriber/bin'
[6.724s] Level 1:colcon.colcon_core.environment:checking '/home/acid/stuff/rover/install/temperature_subscriber/lib/pkgconfig/temperature_subscriber.pc'
[6.724s] Level 1:colcon.colcon_core.environment:checking '/home/acid/stuff/rover/install/temperature_subscriber/lib/python3.10/site-packages'
[6.724s] Level 1:colcon.colcon_core.environment:checking '/home/acid/stuff/rover/install/temperature_subscriber/bin'
[6.724s] INFO:colcon.colcon_core.shell:Creating package script '/home/acid/stuff/rover/install/temperature_subscriber/share/temperature_subscriber/package.ps1'
[6.725s] INFO:colcon.colcon_core.shell:Creating package descriptor '/home/acid/stuff/rover/install/temperature_subscriber/share/temperature_subscriber/package.dsv'
[6.725s] INFO:colcon.colcon_core.shell:Creating package script '/home/acid/stuff/rover/install/temperature_subscriber/share/temperature_subscriber/package.sh'
[6.725s] INFO:colcon.colcon_core.shell:Creating package script '/home/acid/stuff/rover/install/temperature_subscriber/share/temperature_subscriber/package.bash'
[6.726s] INFO:colcon.colcon_core.shell:Creating package script '/home/acid/stuff/rover/install/temperature_subscriber/share/temperature_subscriber/package.zsh'
[6.726s] Level 1:colcon.colcon_core.environment:create_file_with_runtime_dependencies(/home/acid/stuff/rover/install/temperature_subscriber/share/colcon-core/packages/temperature_subscriber)
[6.726s] Level 1:colcon.colcon_core.environment:create_environment_scripts_only(temperature_subscriber)
[6.726s] Level 1:colcon.colcon_core.environment:checking '/home/acid/stuff/rover/install/temperature_subscriber' for CMake module files
[6.727s] Level 1:colcon.colcon_core.environment:checking '/home/acid/stuff/rover/install/temperature_subscriber' for CMake config files
[6.727s] Level 1:colcon.colcon_core.shell:create_environment_hook('temperature_subscriber', 'cmake_prefix_path')
[6.727s] INFO:colcon.colcon_core.shell:Creating environment hook '/home/acid/stuff/rover/install/temperature_subscriber/share/temperature_subscriber/hook/cmake_prefix_path.ps1'
[6.727s] INFO:colcon.colcon_core.shell:Creating environment descriptor '/home/acid/stuff/rover/install/temperature_subscriber/share/temperature_subscriber/hook/cmake_prefix_path.dsv'
[6.727s] INFO:colcon.colcon_core.shell:Creating environment hook '/home/acid/stuff/rover/install/temperature_subscriber/share/temperature_subscriber/hook/cmake_prefix_path.sh'
[6.728s] Level 1:colcon.colcon_core.environment:checking '/home/acid/stuff/rover/install/temperature_subscriber/lib'
[6.728s] Level 1:colcon.colcon_core.environment:checking '/home/acid/stuff/rover/install/temperature_subscriber/bin'
[6.728s] Level 1:colcon.colcon_core.environment:checking '/home/acid/stuff/rover/install/temperature_subscriber/lib/pkgconfig/temperature_subscriber.pc'
[6.728s] Level 1:colcon.colcon_core.environment:checking '/home/acid/stuff/rover/install/temperature_subscriber/lib/python3.10/site-packages'
[6.728s] Level 1:colcon.colcon_core.environment:checking '/home/acid/stuff/rover/install/temperature_subscriber/bin'
[6.728s] INFO:colcon.colcon_core.shell:Creating package script '/home/acid/stuff/rover/install/temperature_subscriber/share/temperature_subscriber/package.ps1'
[6.729s] INFO:colcon.colcon_core.shell:Creating package descriptor '/home/acid/stuff/rover/install/temperature_subscriber/share/temperature_subscriber/package.dsv'
[6.729s] INFO:colcon.colcon_core.shell:Creating package script '/home/acid/stuff/rover/install/temperature_subscriber/share/temperature_subscriber/package.sh'
[6.729s] INFO:colcon.colcon_core.shell:Creating package script '/home/acid/stuff/rover/install/temperature_subscriber/share/temperature_subscriber/package.bash'
[6.730s] INFO:colcon.colcon_core.shell:Creating package script '/home/acid/stuff/rover/install/temperature_subscriber/share/temperature_subscriber/package.zsh'
[6.730s] Level 1:colcon.colcon_core.environment:create_file_with_runtime_dependencies(/home/acid/stuff/rover/install/temperature_subscriber/share/colcon-core/packages/temperature_subscriber)
[6.730s] DEBUG:colcon.colcon_parallel_executor.executor.parallel:closing loop
[6.731s] DEBUG:colcon.colcon_parallel_executor.executor.parallel:loop closed
[6.731s] DEBUG:colcon.colcon_parallel_executor.executor.parallel:run_until_complete finished with '0'
[6.731s] DEBUG:colcon.colcon_core.event_reactor:joining thread
[6.758s] INFO:colcon.colcon_core.plugin_system:Skipping extension 'colcon_notification.desktop_notification.notify_send': Could not find 'notify-send'
[6.758s] INFO:colcon.colcon_core.plugin_system:Skipping extension 'colcon_notification.desktop_notification.terminal_notifier': Not used on non-Darwin systems
[6.758s] INFO:colcon.colcon_core.plugin_system:Skipping extension 'colcon_notification.desktop_notification.win32': Not used on non-Windows systems
[6.758s] INFO:colcon.colcon_notification.desktop_notification:Sending desktop notification using 'notify2'
[6.758s] DEBUG:colcon.colcon_notification.desktop_notification.notify2:Failed to initialize notify2: org.freedesktop.DBus.Error.FileNotFound: Failed to connect to socket /run/user/1000/bus: No such file or directory
[6.758s] DEBUG:colcon.colcon_core.event_reactor:joined thread
[6.759s] INFO:colcon.colcon_core.shell:Creating prefix script '/home/acid/stuff/rover/install/local_setup.ps1'
[6.760s] INFO:colcon.colcon_core.shell:Creating prefix util module '/home/acid/stuff/rover/install/_local_setup_util_ps1.py'
[6.761s] INFO:colcon.colcon_core.shell:Creating prefix chain script '/home/acid/stuff/rover/install/setup.ps1'
[6.761s] INFO:colcon.colcon_core.shell:Creating prefix script '/home/acid/stuff/rover/install/local_setup.sh'
[6.762s] INFO:colcon.colcon_core.shell:Creating prefix util module '/home/acid/stuff/rover/install/_local_setup_util_sh.py'
[6.762s] INFO:colcon.colcon_core.shell:Creating prefix chain script '/home/acid/stuff/rover/install/setup.sh'
[6.763s] INFO:colcon.colcon_core.shell:Creating prefix script '/home/acid/stuff/rover/install/local_setup.bash'
[6.763s] INFO:colcon.colcon_core.shell:Creating prefix chain script '/home/acid/stuff/rover/install/setup.bash'
[6.764s] INFO:colcon.colcon_core.shell:Creating prefix script '/home/acid/stuff/rover/install/local_setup.zsh'
[6.764s] INFO:colcon.colcon_core.shell:Creating prefix chain script '/home/acid/stuff/rover/install/setup.zsh'
